===================================================================
Sun Jun 29 21:01:13 2014
pagu SMP total = 12160
20945 peserta SMP diranking
pagu SMP sudah terpenuhi
tulis di tabel  terima_smp_2
RANKING SMP SELESAI
TOTAL WAKTU : 8.67499995232
UJI SMP.......(kalau tidak diprint, berarti OK)
Uji tabel:  terima_smp_2
===================================================================
Sun Jun 29 21:01:22 2014
4732 peserta SMA diranking
pagu SMA total = 1753
pagu SMA sudah terpenuhi
tulis di tabel  terima_sma_2
RANKING SMA SELESAI
TOTAL WAKTU : 4.07700014114
UJI SMA.......(kalau tidak diprint, berarti OK)
Uji tabel:  terima_sma_2
===================================================================
Sun Jun 29 21:01:26 2014
4233 peserta SMK diranking
pagu SMK total = 1859
pagu SMK sudah terpenuhi
tulis di tabel  terima_smk_2
RANKING SMK SELESAI
TOTAL WAKTU : 4.40100002289
UJI SMK.......(kalau tidak diprint, berarti OK)
Uji tabel:  terima_smk_2
===================================================================
Sun Jun 29 21:02:08 2014
pagu SMP total = 12160
20945 peserta SMP diranking
pagu SMP sudah terpenuhi
tulis di tabel  terima_smp_1
RANKING SMP SELESAI
TOTAL WAKTU : 8.40600013733
UJI SMP.......(kalau tidak diprint, berarti OK)
Uji tabel:  terima_smp_1
===================================================================
Sun Jun 29 21:02:17 2014
4732 peserta SMA diranking
pagu SMA total = 1753
pagu SMA sudah terpenuhi
tulis di tabel  terima_sma_1
RANKING SMA SELESAI
TOTAL WAKTU : 3.37700009346
UJI SMA.......(kalau tidak diprint, berarti OK)
Uji tabel:  terima_sma_1
===================================================================
Sun Jun 29 21:02:21 2014
4233 peserta SMK diranking
pagu SMK total = 1859
pagu SMK sudah terpenuhi
tulis di tabel  terima_smk_1
RANKING SMK SELESAI
TOTAL WAKTU : 4.80700016022
UJI SMK.......(kalau tidak diprint, berarti OK)
Uji tabel:  terima_smk_1
===================================================================
Sun Jun 29 21:07:40 2014
pagu SMP total = 12160
8785 peserta SMP diranking
tulis di tabel  terima_smp_2
RANKING SMP SELESAI
TOTAL WAKTU : 4.15000009537
UJI SMP.......(kalau tidak diprint, berarti OK)
Uji tabel:  terima_smp_2
===================================================================
Sun Jun 29 21:07:45 2014
2979 peserta SMA diranking
pagu SMA total = 1753
pagu SMA sudah terpenuhi
tulis di tabel  terima_sma_2
RANKING SMA SELESAI
TOTAL WAKTU : 2.36099982262
UJI SMA.......(kalau tidak diprint, berarti OK)
Uji tabel:  terima_sma_2
===================================================================
Sun Jun 29 21:07:47 2014
2374 peserta SMK diranking
pagu SMK total = 1859
tulis di tabel  terima_smk_2
RANKING SMK SELESAI
TOTAL WAKTU : 2.01999998093
UJI SMK.......(kalau tidak diprint, berarti OK)
Uji tabel:  terima_smk_2
===================================================================
Sun Jun 29 22:03:09 2014
pagu SMP total = 0
20945 peserta SMP diranking
pagu SMP sudah terpenuhi
tulis di tabel  terima_smp_1
RANKING SMP SELESAI
TOTAL WAKTU : 7.88800001144
UJI SMP.......(kalau tidak diprint, berarti OK)
Uji tabel:  terima_smp_1
===================================================================
Sun Jun 29 22:03:17 2014
4732 peserta SMA diranking
pagu SMA total = 0
pagu SMA sudah terpenuhi
tulis di tabel  terima_sma_1
RANKING SMA SELESAI
TOTAL WAKTU : 4.03600001335
UJI SMA.......(kalau tidak diprint, berarti OK)
Uji tabel:  terima_sma_1
===================================================================
Sun Jun 29 22:03:21 2014
4233 peserta SMK diranking
pagu SMK total = 0
pagu SMK sudah terpenuhi
tulis di tabel  terima_smk_1
RANKING SMK SELESAI
TOTAL WAKTU : 3.99300003052
UJI SMK.......(kalau tidak diprint, berarti OK)
Uji tabel:  terima_smk_1
===================================================================
Sun Jun 29 22:03:39 2014
pagu SMP total = 0
20945 peserta SMP diranking
pagu SMP sudah terpenuhi
tulis di tabel  terima_smp_2
RANKING SMP SELESAI
TOTAL WAKTU : 8.55399990082
UJI SMP.......(kalau tidak diprint, berarti OK)
Uji tabel:  terima_smp_2
===================================================================
Sun Jun 29 22:03:48 2014
4732 peserta SMA diranking
pagu SMA total = 0
pagu SMA sudah terpenuhi
tulis di tabel  terima_sma_2
RANKING SMA SELESAI
TOTAL WAKTU : 3.35400009155
UJI SMA.......(kalau tidak diprint, berarti OK)
Uji tabel:  terima_sma_2
===================================================================
Sun Jun 29 22:03:52 2014
4233 peserta SMK diranking
pagu SMK total = 0
pagu SMK sudah terpenuhi
tulis di tabel  terima_smk_2
RANKING SMK SELESAI
TOTAL WAKTU : 4.24399995804
UJI SMK.......(kalau tidak diprint, berarti OK)
Uji tabel:  terima_smk_2
===================================================================
Sun Jun 29 22:07:21 2014
pagu SMP total = 12160
20945 peserta SMP diranking
pagu SMP sudah terpenuhi
tulis di tabel  terima_smp_1
RANKING SMP SELESAI
TOTAL WAKTU : 7.72399997711
UJI SMP.......(kalau tidak diprint, berarti OK)
Uji tabel:  terima_smp_1
===================================================================
Sun Jun 29 22:07:29 2014
4732 peserta SMA diranking
pagu SMA total = 1753
pagu SMA sudah terpenuhi
tulis di tabel  terima_sma_1
RANKING SMA SELESAI
TOTAL WAKTU : 4.45700001717
UJI SMA.......(kalau tidak diprint, berarti OK)
Uji tabel:  terima_sma_1
===================================================================
Sun Jun 29 22:07:34 2014
4233 peserta SMK diranking
pagu SMK total = 1859
pagu SMK sudah terpenuhi
tulis di tabel  terima_smk_1
RANKING SMK SELESAI
TOTAL WAKTU : 4.67100000381
UJI SMK.......(kalau tidak diprint, berarti OK)
Uji tabel:  terima_smk_1
===================================================================
Tue Jul 01 12:59:27 2014
pagu SMP total = 12160
0 peserta SMP diranking
tulis di tabel  terima_smp_2
RANKING SMP SELESAI
TOTAL WAKTU : 4.05900001526
UJI SMP.......(kalau tidak diprint, berarti OK)
Uji tabel:  terima_smp_2
===================================================================
Tue Jul 01 12:59:31 2014
3 peserta SMA diranking
pagu SMA total = 1753
tulis di tabel  terima_sma_2
RANKING SMA SELESAI
TOTAL WAKTU : 1.28099989891
UJI SMA.......(kalau tidak diprint, berarti OK)
Uji tabel:  terima_sma_2
===================================================================
Tue Jul 01 12:59:33 2014
0 peserta SMK diranking
pagu SMK total = 1859
tulis di tabel  terima_smk_2
RANKING SMK SELESAI
TOTAL WAKTU : 0.786999940872
UJI SMK.......(kalau tidak diprint, berarti OK)
Uji tabel:  terima_smk_2
===================================================================
Tue Jul 01 14:23:30 2014
pagu SMP total = 12160
3 peserta SMP diranking
tulis di tabel  terima_smp_1
RANKING SMP SELESAI
TOTAL WAKTU : 1.46800017357
UJI SMP.......(kalau tidak diprint, berarti OK)
Uji tabel:  terima_smp_1
===================================================================
Tue Jul 01 14:23:32 2014
3 peserta SMA diranking
pagu SMA total = 1753
tulis di tabel  terima_sma_1
RANKING SMA SELESAI
TOTAL WAKTU : 0.953000068665
UJI SMA.......(kalau tidak diprint, berarti OK)
Uji tabel:  terima_sma_1
===================================================================
Tue Jul 01 14:23:33 2014
0 peserta SMK diranking
pagu SMK total = 1859
tulis di tabel  terima_smk_1
RANKING SMK SELESAI
TOTAL WAKTU : 0.865000009537
UJI SMK.......(kalau tidak diprint, berarti OK)
Uji tabel:  terima_smk_1
===================================================================
Tue Jul 01 14:27:14 2014
pagu SMP total = 12160
3 peserta SMP diranking
tulis di tabel  terima_smp_2
RANKING SMP SELESAI
TOTAL WAKTU : 0.799000024796
UJI SMP.......(kalau tidak diprint, berarti OK)
Uji tabel:  terima_smp_2
===================================================================
Tue Jul 01 14:27:16 2014
3 peserta SMA diranking
pagu SMA total = 1753
tulis di tabel  terima_sma_2
RANKING SMA SELESAI
TOTAL WAKTU : 0.855999946594
UJI SMA.......(kalau tidak diprint, berarti OK)
Uji tabel:  terima_sma_2
===================================================================
Tue Jul 01 14:27:17 2014
0 peserta SMK diranking
pagu SMK total = 1859
tulis di tabel  terima_smk_2
RANKING SMK SELESAI
TOTAL WAKTU : 0.714999914169
UJI SMK.......(kalau tidak diprint, berarti OK)
Uji tabel:  terima_smk_2
===================================================================
Tue Jul 01 15:20:35 2014
pagu SMP total = 12160
3 peserta SMP diranking
tulis di tabel  terima_smp_1
RANKING SMP SELESAI
TOTAL WAKTU : 0.796000003815
UJI SMP.......(kalau tidak diprint, berarti OK)
Uji tabel:  terima_smp_1
===================================================================
Tue Jul 01 15:20:36 2014
3 peserta SMA diranking
pagu SMA total = 1753
tulis di tabel  terima_sma_1
RANKING SMA SELESAI
TOTAL WAKTU : 0.701999902725
UJI SMA.......(kalau tidak diprint, berarti OK)
Uji tabel:  terima_sma_1
===================================================================
Tue Jul 01 15:20:37 2014
3 peserta SMK diranking
pagu SMK total = 1859
tulis di tabel  terima_smk_1
RANKING SMK SELESAI
TOTAL WAKTU : 0.640999794006
UJI SMK.......(kalau tidak diprint, berarti OK)
Uji tabel:  terima_smk_1
===================================================================
Tue Jul 01 15:20:40 2014
pagu SMP total = 12160
3 peserta SMP diranking
tulis di tabel  terima_smp_2
RANKING SMP SELESAI
TOTAL WAKTU : 0.871999979019
UJI SMP.......(kalau tidak diprint, berarti OK)
Uji tabel:  terima_smp_2
===================================================================
Tue Jul 01 15:20:41 2014
3 peserta SMA diranking
pagu SMA total = 1753
tulis di tabel  terima_sma_2
RANKING SMA SELESAI
TOTAL WAKTU : 0.817999839783
UJI SMA.......(kalau tidak diprint, berarti OK)
Uji tabel:  terima_sma_2
===================================================================
Tue Jul 01 15:20:42 2014
3 peserta SMK diranking
pagu SMK total = 1859
tulis di tabel  terima_smk_2
RANKING SMK SELESAI
TOTAL WAKTU : 0.890000104904
UJI SMK.......(kalau tidak diprint, berarti OK)
Uji tabel:  terima_smk_2
===================================================================
Tue Jul 01 15:26:42 2014
pagu SMP total = 12160
3 peserta SMP diranking
tulis di tabel  terima_smp_1
RANKING SMP SELESAI
TOTAL WAKTU : 0.826999902725
UJI SMP.......(kalau tidak diprint, berarti OK)
Uji tabel:  terima_smp_1
===================================================================
Tue Jul 01 15:26:43 2014
3 peserta SMA diranking
pagu SMA total = 1753
tulis di tabel  terima_sma_1
RANKING SMA SELESAI
TOTAL WAKTU : 0.611999988556
UJI SMA.......(kalau tidak diprint, berarti OK)
Uji tabel:  terima_sma_1
===================================================================
Tue Jul 01 15:26:44 2014
3 peserta SMK diranking
pagu SMK total = 1859
tulis di tabel  terima_smk_1
RANKING SMK SELESAI
TOTAL WAKTU : 0.674000024796
UJI SMK.......(kalau tidak diprint, berarti OK)
Uji tabel:  terima_smk_1
===================================================================
Tue Jul 01 15:26:46 2014
pagu SMP total = 12160
3 peserta SMP diranking
tulis di tabel  terima_smp_2
RANKING SMP SELESAI
TOTAL WAKTU : 0.953000068665
UJI SMP.......(kalau tidak diprint, berarti OK)
Uji tabel:  terima_smp_2
===================================================================
Tue Jul 01 15:26:47 2014
3 peserta SMA diranking
pagu SMA total = 1753
tulis di tabel  terima_sma_2
RANKING SMA SELESAI
TOTAL WAKTU : 0.712999820709
UJI SMA.......(kalau tidak diprint, berarti OK)
Uji tabel:  terima_sma_2
===================================================================
Tue Jul 01 15:26:48 2014
3 peserta SMK diranking
pagu SMK total = 1859
tulis di tabel  terima_smk_2
RANKING SMK SELESAI
TOTAL WAKTU : 0.664000034332
UJI SMK.......(kalau tidak diprint, berarti OK)
Uji tabel:  terima_smk_2
===================================================================
Wed Jul 02 22:26:41 2014
pagu SMP total = 12160
20945 peserta SMP diranking
pagu SMP sudah terpenuhi
tulis di tabel  terima_smp_1
RANKING SMP SELESAI
TOTAL WAKTU : 20.2720000744
UJI SMP.......(kalau tidak diprint, berarti OK)
Uji tabel:  terima_smp_1
===================================================================
Wed Jul 02 22:27:02 2014
4732 peserta SMA diranking
pagu SMA total = 1753
pagu SMA sudah terpenuhi
tulis di tabel  terima_sma_1
RANKING SMA SELESAI
TOTAL WAKTU : 5.23099994659
UJI SMA.......(kalau tidak diprint, berarti OK)
Uji tabel:  terima_sma_1
===================================================================
Wed Jul 02 22:27:08 2014
4233 peserta SMK diranking
pagu SMK total = 1859
pagu SMK sudah terpenuhi
tulis di tabel  terima_smk_1
RANKING SMK SELESAI
TOTAL WAKTU : 5.43700003624
UJI SMK.......(kalau tidak diprint, berarti OK)
Uji tabel:  terima_smk_1
